<<<<<<< HEAD
﻿  astar.cpp
  battlePlans.cpp
  game.cpp
c:\users\tonny\documents\github\ai-tank\src\game.cpp(450): warning C4018: '<': signed/unsigned mismatch
c:\users\tonny\documents\github\ai-tank\src\game.cpp(491): warning C4474: 'sprintf_s' : too many arguments passed for format string
  c:\users\tonny\documents\github\ai-tank\src\game.cpp(491): note: placeholders and their parameters expect 0 variadic arguments, but 1 were provided
c:\users\tonny\documents\github\ai-tank\src\game.cpp(498): warning C4474: 'sprintf_s' : too many arguments passed for format string
  c:\users\tonny\documents\github\ai-tank\src\game.cpp(498): note: placeholders and their parameters expect 0 variadic arguments, but 1 were provided
c:\users\tonny\documents\github\ai-tank\src\game.cpp(503): warning C4474: 'sprintf_s' : too many arguments passed for format string
  c:\users\tonny\documents\github\ai-tank\src\game.cpp(503): note: placeholders and their parameters expect 0 variadic arguments, but 1 were provided
c:\users\tonny\documents\github\ai-tank\src\game.cpp(508): warning C4474: 'sprintf_s' : too many arguments passed for format string
  c:\users\tonny\documents\github\ai-tank\src\game.cpp(508): note: placeholders and their parameters expect 0 variadic arguments, but 1 were provided
  main.cpp
  tankNet.cpp
  Generating Code...
  tankwar.vcxproj -> C:\Users\tonny\Documents\GitHub\AI-Tank\Debug\tankwar.exe
=======
﻿  nodeMap.cpp
  tankwar.vcxproj -> C:\Users\tomwo\Documents\University - Year 2\Mechanics and AI for Simulation\Artificial Intelligence\Coursework\Github\AI-Tank\Debug\tankwar.exe
>>>>>>> e66fc320b82279a2fb3d3349e3b7a36ac3e535d6
